name: "Job_Name", value = ["none"]
name: "Job_Owner", value = ["zerg@casper"]
name: "resources_used", value = ["00:00:00"], resource: "cput"
name: "resources_used", value = ["2892kb"], resource: "mem"
name: "resources_used", value = ["13800kb"], resource: "vmem"
name: "resources_used", value = ["00:00:03"], resource: "walltime"
name: "job_state", value = ["C"]
name: "queue", value = ["batch"]
name: "server", value = ["casper"]
name: "Checkpoint", value = ["u"]
name: "ctime", value = ["1264623243"]
name: "Error_Path", value = ["casper:none.e71"]
name: "exec_host", value = ["zerg/1"]
name: "Hold_Types", value = ["n"]
name: "Join_Path", value = ["n"]
name: "Keep_Files", value = ["n"]
name: "mtime", value = ["1264623246"]
name: "Output_Path", value = ["casper:none.o71"]
name: "Priority", value = ["0"]
name: "qtime", value = ["1264623243"]
name: "Rerunable", value = ["True"]
name: "Resource_List", value = ["1"], resource: "neednodes"
name: "Resource_List", value = ["1"], resource: "nodect"
name: "Resource_List", value = ["1"], resource: "nodes"
name: "Resource_List", value = ["01:00:00"], resource: "walltime"
name: "session_id", value = ["14564"]
name: "Shell_Path_List", value = ["/bin/sh"]
name: "substate", value = ["59"]
name: "Variable_List", value = ["PBS_O_QUEUE=batch,PBS_O_HOST=casper"]
name: "euser", value = ["zerg"]
name: "egroup", value = ["zerg"]
name: "hashname", value = ["71.casper"]
name: "queue_rank", value = ["19"]
name: "queue_type", value = ["E"]
name: "comment", value = ["Job started on Thu Jan 28 at 01:14"]
name: "etime", value = ["1264623243"]
name: "exit_status", value = ["0"]
name: "start_time", value = ["1264623243"]
name: "start_count", value = ["1"]
name: "comp_time", value = ["1264623247"]
